{"D:\\dictionary-search-app\\src\\components\\List.tsx": {"path":"D:\\dictionary-search-app\\src\\components\\List.tsx","statementMap":{"0":{"start":{"line":1,"column":0},"end":{"line":1,"column":45}},"1":{"start":{"line":10,"column":36},"end":{"line":53,"column":1}},"2":{"start":{"line":11,"column":21},"end":{"line":11,"column":34}},"3":{"start":{"line":13,"column":26},"end":{"line":22,"column":5}},"4":{"start":{"line":14,"column":8},"end":{"line":15,"column":39}},"5":{"start":{"line":15,"column":12},"end":{"line":15,"column":39}},"6":{"start":{"line":17,"column":22},"end":{"line":17,"column":68}},"7":{"start":{"line":19,"column":8},"end":{"line":21,"column":18}},"8":{"start":{"line":20,"column":12},"end":{"line":20,"column":99}},"9":{"start":{"line":24,"column":4},"end":{"line":52,"column":6}},"10":{"start":{"line":36,"column":24},"end":{"line":38,"column":null}},"11":{"start":{"line":40,"column":32},"end":{"line":40,"column":null}},"12":{"start":{"line":55,"column":0},"end":{"line":55,"column":26}}},"fnMap":{"0":{"name":"(anonymous_0)","decl":{"start":{"line":10,"column":36},"end":{"line":10,"column":37}},"loc":{"start":{"line":10,"column":71},"end":{"line":53,"column":1}}},"1":{"name":"(anonymous_1)","decl":{"start":{"line":13,"column":26},"end":{"line":13,"column":27}},"loc":{"start":{"line":13,"column":62},"end":{"line":22,"column":5}}},"2":{"name":"(anonymous_2)","decl":{"start":{"line":19,"column":32},"end":{"line":19,"column":33}},"loc":{"start":{"line":20,"column":12},"end":{"line":20,"column":99}}},"3":{"name":"(anonymous_3)","decl":{"start":{"line":34,"column":34},"end":{"line":34,"column":35}},"loc":{"start":{"line":36,"column":24},"end":{"line":38,"column":null}}},"4":{"name":"(anonymous_4)","decl":{"start":{"line":39,"column":37},"end":{"line":39,"column":40}},"loc":{"start":{"line":39,"column":42},"end":{"line":41,"column":29}}}},"branchMap":{"0":{"loc":{"start":{"line":14,"column":8},"end":{"line":15,"column":39}},"type":"if","locations":[{"start":{"line":14,"column":8},"end":{"line":15,"column":39}}]},"1":{"loc":{"start":{"line":20,"column":12},"end":{"line":20,"column":99}},"type":"cond-expr","locations":[{"start":{"line":20,"column":61},"end":{"line":20,"column":78}},{"start":{"line":20,"column":95},"end":{"line":20,"column":99}}]},"2":{"loc":{"start":{"line":30,"column":17},"end":{"line":30,"column":59}},"type":"binary-expr","locations":[{"start":{"line":30,"column":17},"end":{"line":30,"column":38}},{"start":{"line":30,"column":42},"end":{"line":30,"column":59}}]}},"s":{"0":2,"1":2,"2":6,"3":6,"4":6,"5":0,"6":6,"7":6,"8":6,"9":6,"10":6,"11":0,"12":2},"f":{"0":6,"1":6,"2":6,"3":6,"4":0},"b":{"0":[0],"1":[0,6],"2":[6,4]}}
,"D:\\dictionary-search-app\\src\\components\\SearchBar.tsx": {"path":"D:\\dictionary-search-app\\src\\components\\SearchBar.tsx","statementMap":{"0":{"start":{"line":1,"column":0},"end":{"line":1,"column":49}},"1":{"start":{"line":7,"column":18},"end":{"line":29,"column":1}},"2":{"start":{"line":8,"column":42},"end":{"line":8,"column":54}},"3":{"start":{"line":10,"column":4},"end":{"line":14,"column":32}},"4":{"start":{"line":11,"column":8},"end":{"line":13,"column":null}},"5":{"start":{"line":12,"column":12},"end":{"line":12,"column":34}},"6":{"start":{"line":16,"column":25},"end":{"line":18,"column":5}},"7":{"start":{"line":17,"column":8},"end":{"line":17,"column":39}},"8":{"start":{"line":20,"column":4},"end":{"line":28,"column":6}},"9":{"start":{"line":31,"column":0},"end":{"line":31,"column":25}}},"fnMap":{"0":{"name":"(anonymous_0)","decl":{"start":{"line":7,"column":18},"end":{"line":7,"column":19}},"loc":{"start":{"line":7,"column":40},"end":{"line":29,"column":1}}},"1":{"name":"(anonymous_1)","decl":{"start":{"line":10,"column":14},"end":{"line":10,"column":17}},"loc":{"start":{"line":10,"column":19},"end":{"line":14,"column":5}}},"2":{"name":"(anonymous_2)","decl":{"start":{"line":16,"column":25},"end":{"line":16,"column":26}},"loc":{"start":{"line":16,"column":68},"end":{"line":18,"column":5}}}},"branchMap":{"0":{"loc":{"start":{"line":11,"column":8},"end":{"line":13,"column":null}},"type":"if","locations":[{"start":{"line":11,"column":8},"end":{"line":13,"column":null}}]}},"s":{"0":1,"1":1,"2":3,"3":3,"4":3,"5":0,"6":3,"7":0,"8":3,"9":1},"f":{"0":3,"1":3,"2":0},"b":{"0":[0]}}
,"D:\\dictionary-search-app\\src\\components\\pages\\SearchPage.tsx": {"path":"D:\\dictionary-search-app\\src\\components\\pages\\SearchPage.tsx","statementMap":{"0":{"start":{"line":1,"column":0},"end":{"line":1,"column":41}},"1":{"start":{"line":2,"column":0},"end":{"line":2,"column":37}},"2":{"start":{"line":3,"column":0},"end":{"line":3,"column":42}},"3":{"start":{"line":4,"column":0},"end":{"line":4,"column":62}},"4":{"start":{"line":6,"column":19},"end":{"line":31,"column":1}},"5":{"start":{"line":7,"column":42},"end":{"line":7,"column":64}},"6":{"start":{"line":8,"column":42},"end":{"line":8,"column":62}},"7":{"start":{"line":10,"column":4},"end":{"line":17,"column":22}},"8":{"start":{"line":11,"column":29},"end":{"line":14,"column":9}},"9":{"start":{"line":12,"column":28},"end":{"line":12,"column":51}},"10":{"start":{"line":13,"column":12},"end":{"line":13,"column":36}},"11":{"start":{"line":16,"column":8},"end":{"line":16,"column":34}},"12":{"start":{"line":19,"column":30},"end":{"line":21,"column":5}},"13":{"start":{"line":20,"column":8},"end":{"line":20,"column":30}},"14":{"start":{"line":23,"column":4},"end":{"line":30,"column":6}},"15":{"start":{"line":33,"column":0},"end":{"line":33,"column":26}}},"fnMap":{"0":{"name":"(anonymous_0)","decl":{"start":{"line":6,"column":19},"end":{"line":6,"column":22}},"loc":{"start":{"line":6,"column":24},"end":{"line":31,"column":1}}},"1":{"name":"(anonymous_1)","decl":{"start":{"line":10,"column":14},"end":{"line":10,"column":17}},"loc":{"start":{"line":10,"column":19},"end":{"line":17,"column":5}}},"2":{"name":"(anonymous_2)","decl":{"start":{"line":11,"column":29},"end":{"line":11,"column":34}},"loc":{"start":{"line":11,"column":53},"end":{"line":14,"column":9}}},"3":{"name":"(anonymous_3)","decl":{"start":{"line":19,"column":30},"end":{"line":19,"column":31}},"loc":{"start":{"line":19,"column":48},"end":{"line":21,"column":5}}}},"branchMap":{},"s":{"0":1,"1":1,"2":1,"3":1,"4":1,"5":4,"6":3,"7":3,"8":3,"9":3,"10":3,"11":3,"12":3,"13":0,"14":3,"15":1},"f":{"0":4,"1":3,"2":3,"3":0},"b":{}}
,"D:\\dictionary-search-app\\src\\services\\WordSearchSevice.ts": {"path":"D:\\dictionary-search-app\\src\\services\\WordSearchSevice.ts","statementMap":{"0":{"start":{"line":1,"column":0},"end":{"line":1,"column":40}},"1":{"start":{"line":4,"column":22},"end":{"line":13,"column":2}},"2":{"start":{"line":4,"column":48},"end":{"line":13,"column":2}},"3":{"start":{"line":7,"column":51},"end":{"line":12,"column":6}},"4":{"start":{"line":9,"column":60},"end":{"line":11,"column":10}},"5":{"start":{"line":15,"column":23},"end":{"line":39,"column":1}},"6":{"start":{"line":16,"column":4},"end":{"line":18,"column":null}},"7":{"start":{"line":17,"column":8},"end":{"line":17,"column":20}},"8":{"start":{"line":20,"column":4},"end":{"line":38,"column":null}},"9":{"start":{"line":21,"column":25},"end":{"line":21,"column":99}},"10":{"start":{"line":22,"column":21},"end":{"line":22,"column":34}},"11":{"start":{"line":24,"column":8},"end":{"line":24,"column":63}},"12":{"start":{"line":26,"column":27},"end":{"line":26,"column":46}},"13":{"start":{"line":28,"column":8},"end":{"line":36,"column":null}},"14":{"start":{"line":29,"column":12},"end":{"line":33,"column":14}},"15":{"start":{"line":35,"column":12},"end":{"line":35,"column":57}},"16":{"start":{"line":37,"column":8},"end":{"line":37,"column":20}},"17":{"start":{"line":41,"column":0},"end":{"line":41,"column":30}},"18":{"start":{"line":44,"column":4},"end":{"line":45,"column":null}},"19":{"start":{"line":45,"column":8},"end":{"line":45,"column":null}},"20":{"start":{"line":46,"column":4},"end":{"line":46,"column":null}},"21":{"start":{"line":43,"column":0},"end":{"line":43,"column":7}}},"fnMap":{"0":{"name":"(anonymous_0)","decl":{"start":{"line":4,"column":22},"end":{"line":4,"column":23}},"loc":{"start":{"line":4,"column":48},"end":{"line":13,"column":2}}},"1":{"name":"(anonymous_1)","decl":{"start":{"line":7,"column":32},"end":{"line":7,"column":33}},"loc":{"start":{"line":7,"column":51},"end":{"line":12,"column":6}}},"2":{"name":"(anonymous_2)","decl":{"start":{"line":9,"column":45},"end":{"line":9,"column":46}},"loc":{"start":{"line":9,"column":60},"end":{"line":11,"column":10}}},"3":{"name":"(anonymous_3)","decl":{"start":{"line":15,"column":23},"end":{"line":15,"column":28}},"loc":{"start":{"line":15,"column":98},"end":{"line":39,"column":1}}},"4":{"name":"wordSearch","decl":{"start":{"line":43,"column":22},"end":{"line":43,"column":32}},"loc":{"start":{"line":43,"column":46},"end":{"line":47,"column":1}}}},"branchMap":{"0":{"loc":{"start":{"line":16,"column":4},"end":{"line":18,"column":null}},"type":"if","locations":[{"start":{"line":16,"column":4},"end":{"line":18,"column":null}}]},"1":{"loc":{"start":{"line":24,"column":15},"end":{"line":24,"column":62}},"type":"cond-expr","locations":[{"start":{"line":24,"column":33},"end":{"line":24,"column":55}},{"start":{"line":24,"column":58},"end":{"line":24,"column":62}}]},"2":{"loc":{"start":{"line":28,"column":8},"end":{"line":36,"column":null}},"type":"if","locations":[{"start":{"line":28,"column":8},"end":{"line":36,"column":null}},{"start":{"line":34,"column":15},"end":{"line":36,"column":null}}]},"3":{"loc":{"start":{"line":28,"column":12},"end":{"line":28,"column":69}},"type":"binary-expr","locations":[{"start":{"line":28,"column":12},"end":{"line":28,"column":31}},{"start":{"line":28,"column":35},"end":{"line":28,"column":69}}]},"4":{"loc":{"start":{"line":44,"column":4},"end":{"line":45,"column":null}},"type":"if","locations":[{"start":{"line":44,"column":4},"end":{"line":45,"column":null}}]}},"s":{"0":1,"1":1,"2":0,"3":0,"4":0,"5":1,"6":0,"7":0,"8":0,"9":0,"10":0,"11":0,"12":0,"13":0,"14":0,"15":0,"16":0,"17":1,"18":3,"19":3,"20":0,"21":1},"f":{"0":0,"1":0,"2":0,"3":0,"4":3},"b":{"0":[0],"1":[0,0],"2":[0,0],"3":[0,0],"4":[3]}}
}
