TN:
SF:src\components\List.tsx
FN:10,(anonymous_0)
FN:13,(anonymous_1)
FN:19,(anonymous_2)
FN:34,(anonymous_3)
FN:39,(anonymous_4)
FNF:5
FNH:4
FNDA:6,(anonymous_0)
FNDA:6,(anonymous_1)
FNDA:6,(anonymous_2)
FNDA:6,(anonymous_3)
FNDA:0,(anonymous_4)
DA:1,2
DA:10,2
DA:11,6
DA:13,6
DA:14,6
DA:15,0
DA:17,6
DA:19,6
DA:20,6
DA:24,6
DA:36,6
DA:40,0
DA:55,2
LF:13
LH:11
BRDA:14,0,0,0
BRDA:20,1,0,0
BRDA:20,1,1,6
BRDA:30,2,0,6
BRDA:30,2,1,4
BRF:5
BRH:3
end_of_record
TN:
SF:src\components\SearchBar.tsx
FN:7,(anonymous_0)
FN:10,(anonymous_1)
FN:16,(anonymous_2)
FNF:3
FNH:2
FNDA:3,(anonymous_0)
FNDA:3,(anonymous_1)
FNDA:0,(anonymous_2)
DA:1,1
DA:7,1
DA:8,3
DA:10,3
DA:11,3
DA:12,0
DA:16,3
DA:17,0
DA:20,3
DA:31,1
LF:10
LH:8
BRDA:11,0,0,0
BRF:1
BRH:0
end_of_record
TN:
SF:src\components\pages\SearchPage.tsx
FN:6,(anonymous_0)
FN:10,(anonymous_1)
FN:11,(anonymous_2)
FN:19,(anonymous_3)
FNF:4
FNH:3
FNDA:4,(anonymous_0)
FNDA:3,(anonymous_1)
FNDA:3,(anonymous_2)
FNDA:0,(anonymous_3)
DA:1,1
DA:2,1
DA:3,1
DA:4,1
DA:6,1
DA:7,4
DA:8,3
DA:10,3
DA:11,3
DA:12,3
DA:13,3
DA:16,3
DA:19,3
DA:20,0
DA:23,3
DA:33,1
LF:16
LH:15
BRF:0
BRH:0
end_of_record
TN:
SF:src\services\WordSearchSevice.ts
FN:4,(anonymous_0)
FN:7,(anonymous_1)
FN:9,(anonymous_2)
FN:15,(anonymous_3)
FN:43,wordSearch
FNF:5
FNH:1
FNDA:0,(anonymous_0)
FNDA:0,(anonymous_1)
FNDA:0,(anonymous_2)
FNDA:0,(anonymous_3)
FNDA:3,wordSearch
DA:1,1
DA:4,1
DA:7,0
DA:9,0
DA:15,1
DA:16,0
DA:17,0
DA:20,0
DA:21,0
DA:22,0
DA:24,0
DA:26,0
DA:28,0
DA:29,0
DA:35,0
DA:37,0
DA:41,1
DA:43,1
DA:44,3
DA:45,3
DA:46,0
LF:21
LH:7
BRDA:16,0,0,0
BRDA:24,1,0,0
BRDA:24,1,1,0
BRDA:28,2,0,0
BRDA:28,2,1,0
BRDA:28,3,0,0
BRDA:28,3,1,0
BRDA:44,4,0,3
BRF:8
BRH:1
end_of_record
